mode: set
WB2/develop/dev06/task.go:30.32,38.35 6 1
WB2/develop/dev06/task.go:38.35,40.3 1 0
WB2/develop/dev06/task.go:40.8,42.3 1 1
WB2/develop/dev06/task.go:44.2,46.27 2 0
WB2/develop/dev06/task.go:46.27,48.17 2 0
WB2/develop/dev06/task.go:48.17,50.4 1 0
WB2/develop/dev06/task.go:51.3,51.39 1 0
WB2/develop/dev06/task.go:53.2,58.12 5 0
WB2/develop/dev06/task.go:61.39,62.57 1 1
WB2/develop/dev06/task.go:62.57,64.3 1 1
WB2/develop/dev06/task.go:66.2,68.29 3 1
WB2/develop/dev06/task.go:68.29,69.30 1 1
WB2/develop/dev06/task.go:69.30,71.4 1 1
WB2/develop/dev06/task.go:73.2,74.15 2 1
