mode: set
WB2/develop/dev05/task.go:45.32,60.19 11 0
WB2/develop/dev05/task.go:60.19,63.3 2 0
WB2/develop/dev05/task.go:65.2,75.22 10 0
WB2/develop/dev05/task.go:85.25,86.18 1 1
WB2/develop/dev05/task.go:86.18,87.23 1 1
WB2/develop/dev05/task.go:87.23,88.41 1 1
WB2/develop/dev05/task.go:88.41,90.16 2 1
WB2/develop/dev05/task.go:90.16,92.6 1 1
WB2/develop/dev05/task.go:94.9,95.41 1 1
WB2/develop/dev05/task.go:95.41,97.16 2 1
WB2/develop/dev05/task.go:97.16,99.6 1 1
WB2/develop/dev05/task.go:102.8,103.40 1 1
WB2/develop/dev05/task.go:103.40,104.35 1 1
WB2/develop/dev05/task.go:104.35,106.5 1 1
WB2/develop/dev05/task.go:110.2,110.42 1 1
WB2/develop/dev05/task.go:113.24,114.35 1 1
WB2/develop/dev05/task.go:114.35,115.37 1 1
WB2/develop/dev05/task.go:115.37,116.29 1 1
WB2/develop/dev05/task.go:116.29,118.5 1 1
WB2/develop/dev05/task.go:123.25,124.35 1 1
WB2/develop/dev05/task.go:124.35,125.38 1 1
WB2/develop/dev05/task.go:125.38,126.16 1 1
WB2/develop/dev05/task.go:126.16,128.5 1 1
WB2/develop/dev05/task.go:133.26,134.35 1 1
WB2/develop/dev05/task.go:134.35,135.39 1 1
WB2/develop/dev05/task.go:135.39,136.16 1 1
WB2/develop/dev05/task.go:136.16,138.5 1 1
WB2/develop/dev05/task.go:142.2,142.35 1 1
WB2/develop/dev05/task.go:142.35,143.39 1 1
WB2/develop/dev05/task.go:143.39,144.29 1 1
WB2/develop/dev05/task.go:144.29,146.5 1 1
WB2/develop/dev05/task.go:151.28,153.2 1 1
WB2/develop/dev05/task.go:155.61,156.39 1 1
WB2/develop/dev05/task.go:156.39,158.10 2 1
WB2/develop/dev05/task.go:158.10,161.4 2 1
WB2/develop/dev05/task.go:163.2,163.27 1 1
WB2/develop/dev05/task.go:166.64,170.18 3 1
WB2/develop/dev05/task.go:170.18,172.3 1 1
WB2/develop/dev05/task.go:174.2,174.26 1 1
WB2/develop/dev05/task.go:174.26,177.3 2 1
WB2/develop/dev05/task.go:179.2,179.27 1 1
WB2/develop/dev05/task.go:182.22,188.24 4 1
WB2/develop/dev05/task.go:188.24,190.3 1 1
WB2/develop/dev05/task.go:191.2,191.22 1 1
WB2/develop/dev05/task.go:191.22,193.3 1 1
WB2/develop/dev05/task.go:194.2,194.23 1 1
WB2/develop/dev05/task.go:194.23,196.3 1 1
WB2/develop/dev05/task.go:199.2,200.16 2 1
WB2/develop/dev05/task.go:200.16,203.3 2 0
WB2/develop/dev05/task.go:204.2,206.17 2 1
WB2/develop/dev05/task.go:206.17,209.3 2 1
WB2/develop/dev05/task.go:209.8,211.3 1 1
WB2/develop/dev05/task.go:213.2,213.19 1 1
WB2/develop/dev05/task.go:213.19,214.20 1 1
WB2/develop/dev05/task.go:214.20,215.40 1 1
WB2/develop/dev05/task.go:215.40,217.27 2 1
WB2/develop/dev05/task.go:217.27,219.6 1 1
WB2/develop/dev05/task.go:219.11,221.6 1 1
WB2/develop/dev05/task.go:223.9,224.40 1 1
WB2/develop/dev05/task.go:224.40,226.27 2 1
WB2/develop/dev05/task.go:226.27,228.6 1 1
WB2/develop/dev05/task.go:228.11,230.6 1 1
WB2/develop/dev05/task.go:236.42,239.16 2 1
WB2/develop/dev05/task.go:239.16,241.3 1 0
WB2/develop/dev05/task.go:242.2,246.21 4 1
WB2/develop/dev05/task.go:246.21,248.3 1 1
WB2/develop/dev05/task.go:250.2,256.8 2 1
WB2/develop/dev05/task.go:259.35,262.33 3 1
WB2/develop/dev05/task.go:262.33,263.38 1 1
WB2/develop/dev05/task.go:263.38,266.4 2 1
WB2/develop/dev05/task.go:268.2,268.13 1 1
